\BOOKMARK [0][-]{chapter*.1}{\376\377\000A\000C\000K\000N\000O\000W\000L\000E\000D\000G\000E\000M\000E\000N\000T}{}% 1
\BOOKMARK [0][-]{chapter*.2}{\376\377\000A\000B\000S\000T\000R\000A\000C\000T}{}% 2
\BOOKMARK [0][-]{section*.3}{\376\377\000=\000L\000I\000S\000T\000\040\000O\000F\000\040\000F\000I\000G\000U\000R\000E\000S}{}% 3
\BOOKMARK [0][-]{chapter.1}{\376\377\000I\000n\000t\000r\000o\000d\000u\000c\000t\000i\000o\000n}{}% 4
\BOOKMARK [0][-]{chapter.2}{\376\377\000B\000a\000s\000i\000c\000\040\000C\000o\000n\000c\000e\000p\000t\000s}{}% 5
\BOOKMARK [1][-]{section.2.1}{\376\377\000N\000e\000x\000t\000J\000S}{chapter.2}% 6
\BOOKMARK [1][-]{section.2.2}{\376\377\000T\000y\000p\000e\000s\000c\000r\000i\000p\000t}{chapter.2}% 7
\BOOKMARK [1][-]{section.2.3}{\376\377\000P\000r\000i\000s\000m\000a}{chapter.2}% 8
\BOOKMARK [1][-]{section.2.4}{\376\377\000T\000a\000i\000l\000w\000i\000n\000d\000C\000S\000S}{chapter.2}% 9
\BOOKMARK [1][-]{section.2.5}{\376\377\000M\000o\000n\000g\000o\000D\000B}{chapter.2}% 10
\BOOKMARK [1][-]{section.2.6}{\376\377\000C\000l\000o\000u\000d\000i\000n\000a\000r\000y}{chapter.2}% 11
\BOOKMARK [1][-]{section.2.7}{\376\377\000N\000e\000x\000t\000A\000u\000t\000h}{chapter.2}% 12
\BOOKMARK [0][-]{chapter.3}{\376\377\000P\000r\000o\000b\000l\000e\000m\000\040\000S\000t\000a\000t\000e\000m\000e\000n\000t}{}% 13
\BOOKMARK [1][-]{section.3.1}{\376\377\000P\000r\000o\000j\000e\000c\000t\000\040\000P\000l\000a\000n\000n\000i\000n\000g}{chapter.3}% 14
\BOOKMARK [1][-]{section.3.2}{\376\377\000P\000r\000o\000j\000e\000c\000t\000\040\000A\000n\000a\000l\000y\000s\000i\000s}{chapter.3}% 15
\BOOKMARK [1][-]{section.3.3}{\376\377\000S\000y\000s\000t\000e\000m\000\040\000D\000e\000s\000i\000g\000n}{chapter.3}% 16
\BOOKMARK [2][-]{subsection.3.3.1}{\376\377\000D\000e\000s\000i\000g\000n\000\040\000C\000o\000n\000s\000t\000r\000a\000i\000n\000t\000s}{section.3.3}% 17
\BOOKMARK [2][-]{subsection.3.3.2}{\376\377\000S\000y\000s\000t\000e\000m\000\040\000A\000r\000c\000h\000i\000t\000e\000c\000t\000u\000r\000e}{section.3.3}% 18
\BOOKMARK [0][-]{chapter.4}{\376\377\000I\000m\000p\000l\000e\000m\000e\000n\000t\000a\000t\000i\000o\000n}{}% 19
\BOOKMARK [1][-]{section.4.1}{\376\377\000M\000e\000t\000h\000o\000d\000o\000l\000o\000g\000y}{chapter.4}% 20
\BOOKMARK [1][-]{section.4.2}{\376\377\000T\000e\000s\000t\000i\000n\000g\000\040\000P\000l\000a\000n}{chapter.4}% 21
\BOOKMARK [1][-]{section.4.3}{\376\377\000S\000c\000r\000e\000e\000n\000s\000h\000o\000t\000s}{chapter.4}% 22
\BOOKMARK [1][-]{section.4.4}{\376\377\000Q\000u\000a\000l\000i\000t\000y\000\040\000A\000s\000s\000u\000r\000a\000n\000c\000e}{chapter.4}% 23
\BOOKMARK [0][-]{chapter.5}{\376\377\000S\000t\000a\000n\000d\000a\000r\000d\000s\000\040\000A\000d\000o\000p\000t\000e\000d}{}% 24
\BOOKMARK [1][-]{section.5.1}{\376\377\000D\000e\000s\000i\000g\000n\000\040\000S\000t\000a\000n\000d\000a\000r\000d\000s}{chapter.5}% 25
\BOOKMARK [1][-]{section.5.2}{\376\377\000C\000o\000d\000i\000n\000g\000\040\000S\000t\000a\000n\000d\000a\000r\000d\000s}{chapter.5}% 26
\BOOKMARK [1][-]{section.5.3}{\376\377\000T\000e\000s\000t\000i\000n\000g\000\040\000S\000t\000a\000n\000d\000a\000r\000d\000s}{chapter.5}% 27
\BOOKMARK [0][-]{chapter.6}{\376\377\000C\000o\000n\000c\000l\000u\000s\000i\000o\000n\000\040\000a\000n\000d\000\040\000F\000u\000t\000u\000r\000e\000\040\000S\000c\000o\000p\000e}{}% 28
\BOOKMARK [1][-]{section.6.1}{\376\377\000C\000o\000n\000c\000l\000u\000s\000i\000o\000n}{chapter.6}% 29
\BOOKMARK [1][-]{section.6.2}{\376\377\000F\000u\000t\000u\000r\000e\000\040\000S\000c\000o\000p\000e}{chapter.6}% 30
